8 [139711774484416] INFO perfrun.launcher <> - Launcher main begin
8 [139711774484416] INFO perfrun.launcher <> - MessageCatalogInit finished
8 [139711774484416] INFO perfrun.launcher <> - Launcher instance created
8 [139711774484416] INFO perfrun.launcher <> - argc = 6; cmdline = /opt/intel/oneapi/advisor/2023.2.0/bin64/advixe-runss -dump-vdso -r /home/stud/S4741716/intel/advixe/projects/sucampi/e000/hs005 --tmp-dir /tmp/advixe-tmp-S4741716 
50 [139711774484416] INFO perfrun.launcher <> - create msngr2::ICliToolContext
51 [139711774484416] INFO perfrun.launcher <> - create file finder object
51 [139711626602240] INFO perfrun.launcher <> - plugin [remoteplug] was disabled because it doesn't support the given collection type.
51 [139711626602240] INFO perfrun.launcher <> - plugin [system] was disabled because it doesn't support the given collection type.
51 [139711626602240] INFO perfrun.vdso <> - dumping [vdso] pseudomodule
59 [139711626602240] INFO perfrun.launcher <> - plugin [itt] was disabled because it doesn't support the given collection type.
59 [139711626602240] INFO perfrun.launcher <> - plugin [] was disabled because it doesn't support the given collection type.
59 [139711626602240] INFO perfrun.launcher <> - plugin [gpu] was disabled because it doesn't support the given collection type.
59 [139711626602240] INFO perfrun.launcher <> - plugin [] was disabled because it doesn't support the given collection type.
59 [139711626602240] INFO perfrun.launcher <> - plugin [] was disabled because it doesn't support the given collection type.
59 [139711626602240] INFO perfrun.launcher <> - plugin [] was disabled because it doesn't support the given collection type.
59 [139711626602240] INFO perfrun.launcher <> - plugin [mrte] was disabled because it doesn't support the given collection type.
59 [139711626602240] INFO perfrun.launcher <> - plugin [] was disabled because it doesn't support the given collection type.
59 [139711626602240] INFO perfrun.launcher <> - plugin [] was disabled because it doesn't support the given collection type.
59 [139711626602240] INFO perfrun.launcher <> - plugin [] was disabled because it doesn't support the given collection type.
59 [139711626602240] INFO perfrun.launcher <> - plugin [] was disabled because it doesn't support the given collection type.
59 [139711626602240] INFO perfrun.launcher <> - plugin [] was disabled because it doesn't support the given collection type.
59 [139711626602240] INFO perfrun.launcher <> - plugin [] was disabled because it doesn't support the given collection type.
59 [139711626602240] INFO perfrun.launcher <> - plugin [] was disabled because it doesn't support the given collection type.
59 [139711626602240] INFO perfrun.launcher <> - plugin [tpss] was disabled because it doesn't support the given collection type.
59 [139711626602240] INFO perfrun.launcher <> - plugin [] was disabled because it doesn't support the given collection type.
59 [139711626602240] INFO perfrun.launcher <> - plugin [] was disabled because it doesn't support the given collection type.
59 [139711626602240] INFO perfrun.launcher <> - plugin [] was disabled because it doesn't support the given collection type.
59 [139711626602240] INFO perfrun.launcher <> - plugin [] was disabled because it doesn't support the given collection type.
59 [139711626602240] INFO perfrun.launcher <> - plugin [] was disabled because it doesn't support the given collection type.
59 [139711626602240] INFO perfrun.launcher <> - plugin [] was disabled because it doesn't support the given collection type.
59 [139711626602240] INFO perfrun.launcher <> - plugin [] was disabled because it doesn't support the given collection type.
59 [139711626602240] INFO perfrun.launcher <> - plugin [] was disabled because it doesn't support the given collection type.
59 [139711626602240] INFO perfrun.launcher <> - plugin [] was disabled because it doesn't support the given collection type.
59 [139711774484416] INFO perfrun.launcher <> - Application exit code: 0
59 [139711774484416] INFO perfrun.launcher <> - Exit code: 0
