<?xml version="1.0" encoding="utf-8"?>
<log version="1.0" tool="runtool">

<msg id="1" tool="runtool">
  <type>log-start</type>
  <arg>2024/11/28 12:22:43</arg>
</msg>
<msg id="2" tool="runtool">
  <type>bandwidth-measurement-starts</type>
</msg>
<msg id="3" tool="runtool">
  <type>bandwidth-measurement-done</type>
</msg>
<msg id="4" tool="runtool">
  <type>collector-starts</type>
</msg>
<msg id="5" tool="runtool">
  <type>marker-file</type>
  <arg>/home/stud/S4741716/intel/advixe/projects/sucampi/e000/trc000/trc000.advixe</arg>
</msg>
<msg id="6" tool="trc">
  <type>PROCESS_START</type>
  <arg>/VM/stud/S4741716/Desktop/sucampi/vect_icx_55000000000</arg>
  <arg>113333</arg>
  <severity>INFO</severity>
  <timestamp>Thu Nov 28 12:22:53 2024</timestamp>
</msg>
<msg id="7" tool="trc">
  <type>PROCESS_ANALYSIS_MODE</type>
  <arg>full</arg>
  <severity>INFO</severity>
  <timestamp>Thu Nov 28 12:22:53 2024</timestamp>
</msg>
<msg id="8" tool="trc">
  <type>LOAD_MODULE</type>
  <arg>/VM/stud/S4741716/Desktop/sucampi/vect_icx_55000000000</arg>
  <arg>0x400000</arg>
  <arg>0x407baf</arg>
  <arg>yes</arg>
  <severity>INFO</severity>
  <timestamp>Thu Nov 28 12:22:53 2024</timestamp>
</msg>
<msg id="9" tool="trc">
  <type>LOAD_MODULE</type>
  <arg>/lib64/ld-linux-x86-64.so.2</arg>
  <arg>0x7f8111aec000</arg>
  <arg>0x7f8111b18177</arg>
  <arg>no</arg>
  <severity>INFO</severity>
  <timestamp>Thu Nov 28 12:22:53 2024</timestamp>
</msg>
<msg id="10" tool="trc">
  <type>LOAD_MODULE</type>
  <arg>[vdso]</arg>
  <arg>0x7ffdc09f9000</arg>
  <arg>0x7ffdc09f9d7b</arg>
  <arg>no</arg>
  <severity>INFO</severity>
  <timestamp>Thu Nov 28 12:22:53 2024</timestamp>
</msg>
<msg id="11" tool="trc">
  <type>LOAD_MODULE</type>
  <arg>/lib/x86_64-linux-gnu/libm.so.6</arg>
  <arg>0x7f80fc8ea000</arg>
  <arg>0x7f80fca2d10f</arg>
  <arg>no</arg>
  <severity>INFO</severity>
  <timestamp>Thu Nov 28 12:22:53 2024</timestamp>
</msg>
<msg id="12" tool="trc">
  <type>LOAD_MODULE</type>
  <arg>/lib/x86_64-linux-gnu/libdl.so.2</arg>
  <arg>0x7f80fc860000</arg>
  <arg>0x7f80fc86510f</arg>
  <arg>no</arg>
  <severity>INFO</severity>
  <timestamp>Thu Nov 28 12:22:53 2024</timestamp>
</msg>
<msg id="13" tool="trc">
  <type>LOAD_MODULE</type>
  <arg>/lib/x86_64-linux-gnu/libc.so.6</arg>
  <arg>0x7f80fc65a000</arg>
  <arg>0x7f80fc82d67f</arg>
  <arg>no</arg>
  <severity>INFO</severity>
  <timestamp>Thu Nov 28 12:22:53 2024</timestamp>
</msg>
<msg id="14" tool="trc">
  <type>UNLOAD_MODULE</type>
  <arg>/VM/stud/S4741716/Desktop/sucampi/vect_icx_55000000000</arg>
  <severity>INFO</severity>
  <timestamp>Thu Nov 28 12:23:26 2024</timestamp>
</msg>
<msg id="15" tool="trc">
  <type>UNLOAD_MODULE</type>
  <arg>/lib64/ld-linux-x86-64.so.2</arg>
  <severity>INFO</severity>
  <timestamp>Thu Nov 28 12:23:26 2024</timestamp>
</msg>
<msg id="16" tool="trc">
  <type>UNLOAD_MODULE</type>
  <arg>[vdso]</arg>
  <severity>INFO</severity>
  <timestamp>Thu Nov 28 12:23:26 2024</timestamp>
</msg>
<msg id="17" tool="trc">
  <type>UNLOAD_MODULE</type>
  <arg>/lib/x86_64-linux-gnu/libm.so.6</arg>
  <severity>INFO</severity>
  <timestamp>Thu Nov 28 12:23:26 2024</timestamp>
</msg>
<msg id="18" tool="trc">
  <type>UNLOAD_MODULE</type>
  <arg>/lib/x86_64-linux-gnu/libdl.so.2</arg>
  <severity>INFO</severity>
  <timestamp>Thu Nov 28 12:23:26 2024</timestamp>
</msg>
<msg id="19" tool="trc">
  <type>UNLOAD_MODULE</type>
  <arg>/lib/x86_64-linux-gnu/libc.so.6</arg>
  <severity>INFO</severity>
  <timestamp>Thu Nov 28 12:23:26 2024</timestamp>
</msg>
<msg id="20" tool="trc">
  <type>PROCESS_FINISH</type>
  <arg>/VM/stud/S4741716/Desktop/sucampi/vect_icx_55000000000</arg>
  <arg>113333</arg>
  <arg>0x0</arg>
  <severity>INFO</severity>
  <timestamp>Thu Nov 28 12:23:26 2024</timestamp>
</msg>
<msg id="21" tool="runtool">
  <type>app-exit-code</type>
  <arg>0</arg>
</msg>
<msg id="22" tool="runtool">
  <type>marker-file</type>
  <arg>/home/stud/S4741716/intel/advixe/projects/sucampi/e000/trc000/trc000.advixe</arg>
</msg>
<msg id="23" tool="runtool">
  <type>collector-done</type>
</msg>
<msg id="24" tool="runtool">
  <type>log-end</type>
  <arg>2024/11/28 12:23:29</arg>
</msg>

</log>

